<?xml version="1.0" encoding="UTF-8"?>
<!-- Generated by org.testng.reporters.JUnitXMLReporter -->
<testsuite ignored="0" hostname="DESKTOP-M7GVVU2" failures="3" tests="6" name="Test Execution on Internet Explorere Browser" time="0.544" errors="0" timestamp="2021-02-14T22:33:07 GMT-08:00">
  <testcase classname="com.qa.Tests.LoginFeatureTest" name="verifyUserAbleToLoginIn" time="0.023"/>
  <testcase classname="com.qa.Tests.LoginFeatureTest" name="verifyUserIsOnTheHomePage" time="0.003">
    <failure type="java.lang.AssertionError" message="expected [true] but found [false]">
      <![CDATA[java.lang.AssertionError: expected [true] but found [false]
at com.qa.Tests.LoginFeatureTest.verifyUserIsOnTheHomePage(LoginFeatureTest.java:18)
at java.base/java.util.ArrayList.forEach(ArrayList.java:1511)
at java.base/java.util.concurrent.FutureTask.run(FutureTask.java:264)
at java.base/java.util.concurrent.ThreadPoolExecutor.runWorker(ThreadPoolExecutor.java:1130)
at java.base/java.util.concurrent.ThreadPoolExecutor$Worker.run(ThreadPoolExecutor.java:630)
at java.base/java.lang.Thread.run(Thread.java:832)
... Removed 24 stack frames]]>
    </failure>
  </testcase> <!-- verifyUserIsOnTheHomePage -->
  <testcase classname="com.qa.Tests.DashboardFeatureTest" name="verifyUserAbleToLoginIn" time="0.003">
    <failure type="java.lang.AssertionError" message="expected [true] but found [false]">
      <![CDATA[java.lang.AssertionError: expected [true] but found [false]
at com.qa.Tests.DashboardFeatureTest.verifyUserAbleToLoginIn(DashboardFeatureTest.java:29)
at java.base/java.util.ArrayList.forEach(ArrayList.java:1511)
at java.base/java.util.concurrent.FutureTask.run(FutureTask.java:264)
at java.base/java.util.concurrent.ThreadPoolExecutor.runWorker(ThreadPoolExecutor.java:1130)
at java.base/java.util.concurrent.ThreadPoolExecutor$Worker.run(ThreadPoolExecutor.java:630)
at java.base/java.lang.Thread.run(Thread.java:832)
... Removed 24 stack frames]]>
    </failure>
  </testcase> <!-- verifyUserAbleToLoginIn -->
  <testcase classname="com.qa.Tests.DashboardFeatureTest" name="verifyUserIsOnTheHomePage" time="0.002"/>
  <testcase classname="com.qa.Tests.AddToCartFeatureTest" name="verifyUserAbleToLoginIn" time="0.004">
    <failure type="java.lang.AssertionError" message="expected [true] but found [false]">
      <![CDATA[java.lang.AssertionError: expected [true] but found [false]
at com.qa.Tests.AddToCartFeatureTest.verifyUserAbleToLoginIn(AddToCartFeatureTest.java:29)
at java.base/java.util.ArrayList.forEach(ArrayList.java:1511)
at java.base/java.util.concurrent.FutureTask.run(FutureTask.java:264)
at java.base/java.util.concurrent.ThreadPoolExecutor.runWorker(ThreadPoolExecutor.java:1130)
at java.base/java.util.concurrent.ThreadPoolExecutor$Worker.run(ThreadPoolExecutor.java:630)
at java.base/java.lang.Thread.run(Thread.java:832)
... Removed 24 stack frames]]>
    </failure>
  </testcase> <!-- verifyUserAbleToLoginIn -->
  <testcase classname="com.qa.Tests.AddToCartFeatureTest" name="verifyUserIsOnTheHomePage" time="0.003"/>
</testsuite> <!-- Test Execution on Internet Explorere Browser -->
