<!DOCTYPE html PUBLIC "-//W3C//DTD XHTML 1.1//EN" "https://www.w3.org/TR/xhtml11/DTD/xhtml11.dtd">
<html xmlns="https://www.w3.org/1999/xhtml">
<head>
<meta http-equiv="content-type" content="text/html; charset=UTF-8"/>
<title>TestNG Report</title>
<style type="text/css">table {margin-bottom:10px;border-collapse:collapse;empty-cells:show}th,td {border:1px solid #009;padding:.25em .5em}th {vertical-align:bottom}td {vertical-align:top}table a {font-weight:bold}.stripe td {background-color: #E6EBF9}.num {text-align:right}.passedodd td {background-color: #3F3}.passedeven td {background-color: #0A0}.skippedodd td {background-color: #DDD}.skippedeven td {background-color: #CCC}.failedodd td,.attn {background-color: #F33}.failedeven td,.stripe .attn {background-color: #D00}.stacktrace {white-space:pre;font-family:monospace}.totop {font-size:85%;text-align:center;border-bottom:2px solid #000}.invisible {display:none}</style>
</head>
<body>
<table>
<tr><th>Test</th><th># Passed</th><th># Skipped</th><th># Retried</th><th># Failed</th><th>Time (ms)</th><th>Included Groups</th><th>Excluded Groups</th></tr>
<tr><th colspan="8">Suite</th></tr>
<tr><td><a href="#t0">Test Execution on Firefox Browser</a></td><td class="num">1</td><td class="num">0</td><td class="num">0</td><td class="num attn">1</td><td class="num">30,883</td><td></td><td></td></tr>
<tr class="stripe"><td><a href="#t1">Test Execution on Chrome Browser</a></td><td class="num">1</td><td class="num">0</td><td class="num">0</td><td class="num attn">1</td><td class="num">34,716</td><td></td><td></td></tr>
<tr><th>Total</th><th class="num">2</th><th class="num">0</th><th class="num">0</th><th class="num attn">2</th><th class="num">65,599</th><th colspan="2"></th></tr>
</table>
<table id='summary'><thead><tr><th>Class</th><th>Method</th><th>Start</th><th>Time (ms)</th></tr></thead><tbody><tr><th colspan="4">Suite</th></tr></tbody><tbody id="t0"><tr><th colspan="4">Test Execution on Firefox Browser &#8212; failed</th></tr><tr class="failedeven"><td rowspan="1">com.qa.Tests.LoginTest</td><td><a href="#m0">validateLoginIntoTheApplication</a></td><td rowspan="1">1613375927123</td><td rowspan="1">259</td></tr><tr><th colspan="4">Test Execution on Firefox Browser &#8212; passed</th></tr><tr class="passedeven"><td rowspan="1">com.qa.Tests.LoginTest</td><td><a href="#m1">verifyLoginPageTitleTest</a></td><td rowspan="1">1613375927080</td><td rowspan="1">37</td></tr></tbody>
<tbody id="t1"><tr><th colspan="4">Test Execution on Chrome Browser &#8212; failed</th></tr><tr class="failedeven"><td rowspan="1">com.qa.Tests.LoginTest</td><td><a href="#m2">validateLoginIntoTheApplication</a></td><td rowspan="1">1613375922527</td><td rowspan="1">6690</td></tr><tr><th colspan="4">Test Execution on Chrome Browser &#8212; passed</th></tr><tr class="passedeven"><td rowspan="1">com.qa.Tests.LoginTest</td><td><a href="#m3">verifyLoginPageTitleTest</a></td><td rowspan="1">1613375922394</td><td rowspan="1">123</td></tr></tbody>
</table>
<h2>Test Execution on Firefox Browser</h2><h3 id="m0">com.qa.Tests.LoginTest#validateLoginIntoTheApplication</h3><table class="result"><tr><th>Exception</th></tr><tr><td><div class="stacktrace">java.lang.AssertionError: Page Title doesn&apos;t match. Expected &apos;My account - My Stor&apos; Actual : Login - My Store expected [true] but found [false]
	at com.qa.Tests.LoginTest.validateLoginIntoTheApplication(LoginTest.java:40)
	at java.base/java.util.ArrayList.forEach(ArrayList.java:1511)
	at java.base/java.util.concurrent.FutureTask.run(FutureTask.java:264)
	at java.base/java.util.concurrent.ThreadPoolExecutor.runWorker(ThreadPoolExecutor.java:1130)
	at java.base/java.util.concurrent.ThreadPoolExecutor$Worker.run(ThreadPoolExecutor.java:630)
	at java.base/java.lang.Thread.run(Thread.java:832)
... Removed 21 stack frames</div></td></tr></table><p class="totop"><a href="#summary">back to summary</a></p>
<h3 id="m1">com.qa.Tests.LoginTest#verifyLoginPageTitleTest</h3><table class="result"><tr><th class="invisible"/></tr></table><p class="totop"><a href="#summary">back to summary</a></p>
<h2>Test Execution on Chrome Browser</h2><h3 id="m2">com.qa.Tests.LoginTest#validateLoginIntoTheApplication</h3><table class="result"><tr><th>Exception</th></tr><tr><td><div class="stacktrace">java.lang.AssertionError: Page Title doesn&apos;t match. Expected &apos;My account - My Stor&apos; Actual : 508 Resource Limit Is Reached expected [true] but found [false]
	at com.qa.Tests.LoginTest.validateLoginIntoTheApplication(LoginTest.java:40)
	at java.base/java.util.ArrayList.forEach(ArrayList.java:1511)
	at java.base/java.util.concurrent.FutureTask.run(FutureTask.java:264)
	at java.base/java.util.concurrent.ThreadPoolExecutor.runWorker(ThreadPoolExecutor.java:1130)
	at java.base/java.util.concurrent.ThreadPoolExecutor$Worker.run(ThreadPoolExecutor.java:630)
	at java.base/java.lang.Thread.run(Thread.java:832)
... Removed 21 stack frames</div></td></tr></table><p class="totop"><a href="#summary">back to summary</a></p>
<h3 id="m3">com.qa.Tests.LoginTest#verifyLoginPageTitleTest</h3><table class="result"><tr><th class="invisible"/></tr></table><p class="totop"><a href="#summary">back to summary</a></p>
</body>
</html>
